<?xml version="1.0" encoding="UTF-8"?>
<!-- Generated by org.testng.reporters.JUnitReportReporter -->
<testsuite hostname="DESKTOP-DNNLI2L" failures="0" tests="2" name="rahulshettyacademy.tests.ErrorValidationsTest" time="29.958" errors="0" timestamp="2024-12-14T16:21:22 WEST" skipped="0">
  <testcase classname="rahulshettyacademy.tests.ErrorValidationsTest" name="LoginErrorValidation" time="12.501"/>
  <testcase classname="rahulshettyacademy.tests.ErrorValidationsTest" name="ProductErrorValidation" time="17.457"/>
</testsuite> <!-- rahulshettyacademy.tests.ErrorValidationsTest -->
