<?xml version="1.0" encoding="UTF-8"?>
<!-- Generated by org.testng.reporters.JUnitReportReporter -->
<testsuite hostname="DESKTOP-DNNLI2L" failures="0" tests="1" name="rahulshettyacademy.tests.ErrorValidations" time="8.704" errors="0" timestamp="2024-12-08T18:21:03 WEST" skipped="0">
  <testcase classname="rahulshettyacademy.tests.ErrorValidations" name="submitOrder" time="8.704"/>
</testsuite> <!-- rahulshettyacademy.tests.ErrorValidations -->
